c:\users\will.stern\source\repos\project1\project1\debug\vc141.pdb
c:\users\will.stern\source\repos\project1\project1\debug\vc141.idb
c:\users\will.stern\source\repos\project1\project1\debug\pipemanager.obj
c:\users\will.stern\source\repos\project1\project1\debug\pipe.obj
c:\users\will.stern\source\repos\project1\project1\debug\gamemanager.obj
c:\users\will.stern\source\repos\project1\project1\debug\flapper.obj
c:\users\will.stern\source\repos\project1\project1\debug\background.obj
c:\users\will.stern\source\repos\project1\project1\debug\rigidbody.obj
c:\users\will.stern\source\repos\project1\project1\debug\vector3.obj
c:\users\will.stern\source\repos\project1\project1\debug\rect.obj
c:\users\will.stern\source\repos\project1\project1\debug\math.obj
c:\users\will.stern\source\repos\project1\project1\debug\mouse.obj
c:\users\will.stern\source\repos\project1\project1\debug\keyboard.obj
c:\users\will.stern\source\repos\project1\project1\debug\texture.obj
c:\users\will.stern\source\repos\project1\project1\debug\sprite.obj
c:\users\will.stern\source\repos\project1\project1\debug\engine.obj
c:\users\will.stern\source\repos\project1\project1\debug\basicgame.obj
c:\users\will.stern\source\repos\project1\debug\basicgame.ilk
c:\users\will.stern\source\repos\project1\debug\basicgame.exe
c:\users\will.stern\source\repos\project1\debug\basicgame.pdb
c:\users\will.stern\source\repos\project1\project1\debug\basicgame.tlog\cl.command.1.tlog
c:\users\will.stern\source\repos\project1\project1\debug\basicgame.tlog\cl.read.1.tlog
c:\users\will.stern\source\repos\project1\project1\debug\basicgame.tlog\cl.write.1.tlog
c:\users\will.stern\source\repos\project1\project1\debug\basicgame.tlog\link.command.1.tlog
c:\users\will.stern\source\repos\project1\project1\debug\basicgame.tlog\link.read.1.tlog
c:\users\will.stern\source\repos\project1\project1\debug\basicgame.tlog\link.write.1.tlog
